<?xml version="1.0" encoding="UTF-8"?>
<testng-results skipped="0" failed="0" ignored="0" total="1" passed="1">
  <reporter-output>
  </reporter-output>
  <suite name="Suite" duration-ms="104" started-at="2018-08-16T19:08:27Z" finished-at="2018-08-16T19:08:28Z">
    <groups>
    </groups>
    <test name="Test" duration-ms="104" started-at="2018-08-16T19:08:27Z" finished-at="2018-08-16T19:08:28Z">
      <class name="test.TC_001">
        <test-method status="PASS" signature="test()[pri:0, instance:test.TC_001@4671e53b]" name="test" duration-ms="28" started-at="2018-08-16T19:08:28Z" finished-at="2018-08-16T19:08:28Z">
          <reporter-output>
          </reporter-output>
        </test-method> <!-- test -->
      </class> <!-- test.TC_001 -->
    </test> <!-- Test -->
  </suite> <!-- Suite -->
</testng-results>
